  GameField.cpp
D:\Projects\New\F_K\lab2\GameLife\GameField.cpp(7,20): warning C4018:  <: несоответствие типов со знаком и без знака
D:\Projects\New\F_K\lab2\GameLife\GameField.cpp(58,44): warning C4244:  аргумент: преобразование "const int" в "T", возможна потеря данных
D:\Projects\New\F_K\lab2\GameLife\GameField.cpp(58,44): warning C4244:         with
D:\Projects\New\F_K\lab2\GameLife\GameField.cpp(58,44): warning C4244:         [
D:\Projects\New\F_K\lab2\GameLife\GameField.cpp(58,44): warning C4244:             T=float
D:\Projects\New\F_K\lab2\GameLife\GameField.cpp(58,44): warning C4244:         ]
D:\Projects\New\F_K\lab2\GameLife\GameField.cpp(58,33): warning C4244:  аргумент: преобразование "const int" в "T", возможна потеря данных
D:\Projects\New\F_K\lab2\GameLife\GameField.cpp(58,33): warning C4244:         with
D:\Projects\New\F_K\lab2\GameLife\GameField.cpp(58,33): warning C4244:         [
D:\Projects\New\F_K\lab2\GameLife\GameField.cpp(58,33): warning C4244:             T=float
D:\Projects\New\F_K\lab2\GameLife\GameField.cpp(58,33): warning C4244:         ]
D:\Projects\New\F_K\lab2\GameLife\GameField.cpp(60,12): warning C4244:  аргумент: преобразование "time_t" в "unsigned int", возможна потеря данных
D:\Projects\New\F_K\lab2\GameLife\GameField.cpp(87,24): warning C4018:  <: несоответствие типов со знаком и без знака
D:\Projects\New\F_K\lab2\GameLife\GameField.cpp(94,24): warning C4018:  <: несоответствие типов со знаком и без знака
D:\Projects\New\F_K\lab2\GameLife\GameField.cpp(120,39): warning C4244:  аргумент: преобразование "int" в "float", возможна потеря данных
D:\Projects\New\F_K\lab2\GameLife\GameField.cpp(120,24): warning C4244:  аргумент: преобразование "int" в "float", возможна потеря данных
  GameLife.cpp
  Создание кода...
D:\Projects\New\F_K\lab2\GameLife\GameField.cpp(157,22): warning C4018:  <: несоответствие типов со знаком и без знака
  GameLife.vcxproj -> D:\Projects\New\F_K\lab2\GameLife\Debug\GameLife.exe
